# JRE version: OpenJDK Runtime Environment (17.0.11) (build 17.0.11+0--11852314)
# Java VM: OpenJDK 64-Bit Server VM (17.0.11+0--11852314, mixed mode, tiered, compressed oops, compressed class ptrs, g1 gc, windows-amd64)
GC Precious Log:
 CPUs: 8 total, 8 available
 Memory: 8103M
 Large Page Support: Disabled
 NUMA Support: Disabled
 Compressed Oops: Enabled (32-bit)
 Heap Region Size: 1M
 Heap Min Capacity: 8M
 Heap Initial Capacity: 128M
 Heap Max Capacity: 2G
 Pre-touch: Disabled
 Parallel Workers: 8
 Concurrent Workers: 2
 Concurrent Refinement Workers: 8
 Periodic GC: Disabled
Heap:
 garbage-first heap   total 405504K, used 337324K [0x0000000080000000, 0x0000000100000000)
  region size 1024K, 3 young (3072K), 3 survivors (3072K)
 Metaspace       used 135134K, committed 136320K, reserved 1179648K
  class space    used 17556K, committed 18112K, reserved 1048576K
GC Heap History (20 events):
Event: 217.217 GC heap after
{Heap after GC invocations=88 (full 0):
 garbage-first heap   total 337920K, used 289726K [0x0000000080000000, 0x0000000100000000)
  region size 1024K, 2 young (2048K), 2 survivors (2048K)
 Metaspace       used 134692K, committed 135872K, reserved 1179648K
  class space    used 17527K, committed 18112K, reserved 1048576K
}
Event: 217.421 GC heap before
{Heap before GC invocations=88 (full 0):
 garbage-first heap   total 337920K, used 304062K [0x0000000080000000, 0x0000000100000000)
  region size 1024K, 16 young (16384K), 2 survivors (2048K)
 Metaspace       used 134698K, committed 135872K, reserved 1179648K
  class space    used 17527K, committed 18112K, reserved 1048576K
}
Event: 217.429 GC heap after
{Heap after GC invocations=89 (full 0):
 garbage-first heap   total 337920K, used 292149K [0x0000000080000000, 0x0000000100000000)
  region size 1024K, 2 young (2048K), 2 survivors (2048K)
 Metaspace       used 134698K, committed 135872K, reserved 1179648K
  class space    used 17527K, committed 18112K, reserved 1048576K
}
Event: 217.568 GC heap before
{Heap before GC invocations=89 (full 0):
 garbage-first heap   total 337920K, used 306485K [0x0000000080000000, 0x0000000100000000)
  region size 1024K, 16 young (16384K), 2 survivors (2048K)
 Metaspace       used 134737K, committed 135872K, reserved 1179648K
  class space    used 17531K, committed 18112K, reserved 1048576K
}
Event: 217.573 GC heap after
{Heap after GC invocations=90 (full 0):
 garbage-first heap   total 337920K, used 294191K [0x0000000080000000, 0x0000000100000000)
  region size 1024K, 2 young (2048K), 2 survivors (2048K)
 Metaspace       used 134737K, committed 135872K, reserved 1179648K
  class space    used 17531K, committed 18112K, reserved 1048576K
}
Event: 217.720 GC heap before
{Heap before GC invocations=90 (full 0):
 garbage-first heap   total 337920K, used 308527K [0x0000000080000000, 0x0000000100000000)
  region size 1024K, 16 young (16384K), 2 survivors (2048K)
 Metaspace       used 134748K, committed 135872K, reserved 1179648K
  class space    used 17531K, committed 18112K, reserved 1048576K
}
Event: 217.725 GC heap after
{Heap after GC invocations=91 (full 0):
 garbage-first heap   total 405504K, used 294216K [0x0000000080000000, 0x0000000100000000)
  region size 1024K, 1 young (1024K), 1 survivors (1024K)
 Metaspace       used 134748K, committed 135872K, reserved 1179648K
  class space    used 17531K, committed 18112K, reserved 1048576K
}
Event: 219.664 GC heap before
{Heap before GC invocations=91 (full 0):
 garbage-first heap   total 405504K, used 342344K [0x0000000080000000, 0x0000000100000000)
  region size 1024K, 49 young (50176K), 1 survivors (1024K)
 Metaspace       used 134815K, committed 136000K, reserved 1179648K
  class space    used 17531K, committed 18112K, reserved 1048576K
}
Event: 219.667 GC heap after
{Heap after GC invocations=92 (full 0):
 garbage-first heap   total 405504K, used 294320K [0x0000000080000000, 0x0000000100000000)
  region size 1024K, 1 young (1024K), 1 survivors (1024K)
 Metaspace       used 134815K, committed 136000K, reserved 1179648K
  class space    used 17531K, committed 18112K, reserved 1048576K
}
Event: 292.048 GC heap before
{Heap before GC invocations=92 (full 0):
 garbage-first heap   total 405504K, used 345520K [0x0000000080000000, 0x0000000100000000)
  region size 1024K, 52 young (53248K), 1 survivors (1024K)
 Metaspace       used 134945K, committed 136128K, reserved 1179648K
  class space    used 17538K, committed 18112K, reserved 1048576K
}
Event: 292.056 GC heap after
{Heap after GC invocations=93 (full 0):
 garbage-first heap   total 405504K, used 298300K [0x0000000080000000, 0x0000000100000000)
  region size 1024K, 5 young (5120K), 5 survivors (5120K)
 Metaspace       used 134945K, committed 136128K, reserved 1179648K
  class space    used 17538K, committed 18112K, reserved 1048576K
}
Event: 293.006 GC heap before
{Heap before GC invocations=93 (full 0):
 garbage-first heap   total 405504K, used 346428K [0x0000000080000000, 0x0000000100000000)
  region size 1024K, 53 young (54272K), 5 survivors (5120K)
 Metaspace       used 135107K, committed 136256K, reserved 1179648K
  class space    used 17556K, committed 18112K, reserved 1048576K
}
Event: 293.025 GC heap after
{Heap after GC invocations=94 (full 0):
 garbage-first heap   total 405504K, used 309425K [0x0000000080000000, 0x0000000100000000)
  region size 1024K, 7 young (7168K), 7 survivors (7168K)
 Metaspace       used 135107K, committed 136256K, reserved 1179648K
  class space    used 17556K, committed 18112K, reserved 1048576K
}
Event: 293.402 GC heap before
{Heap before GC invocations=94 (full 0):
 garbage-first heap   total 405504K, used 355505K [0x0000000080000000, 0x0000000100000000)
  region size 1024K, 43 young (44032K), 7 survivors (7168K)
 Metaspace       used 135110K, committed 136256K, reserved 1179648K
  class space    used 17556K, committed 18112K, reserved 1048576K
}
Event: 293.428 GC heap after
{Heap after GC invocations=95 (full 0):
 garbage-first heap   total 405504K, used 328321K [0x0000000080000000, 0x0000000100000000)
  region size 1024K, 6 young (6144K), 6 survivors (6144K)
 Metaspace       used 135110K, committed 136256K, reserved 1179648K
  class space    used 17556K, committed 18112K, reserved 1048576K
}
Event: 293.628 GC heap before
{Heap before GC invocations=95 (full 0):
 garbage-first heap   total 405504K, used 355969K [0x0000000080000000, 0x0000000100000000)
  region size 1024K, 26 young (26624K), 6 survivors (6144K)
 Metaspace       used 135129K, committed 136320K, reserved 1179648K
  class space    used 17556K, committed 18112K, reserved 1048576K
}
Event: 293.641 GC heap after
{Heap after GC invocations=96 (full 0):
 garbage-first heap   total 405504K, used 333274K [0x0000000080000000, 0x0000000100000000)
  region size 1024K, 4 young (4096K), 4 survivors (4096K)
 Metaspace       used 135129K, committed 136320K, reserved 1179648K
  class space    used 17556K, committed 18112K, reserved 1048576K
}
Event: 293.831 GC heap before
{Heap before GC invocations=96 (full 0):
 garbage-first heap   total 405504K, used 351706K [0x0000000080000000, 0x0000000100000000)
  region size 1024K, 22 young (22528K), 4 survivors (4096K)
 Metaspace       used 135130K, committed 136320K, reserved 1179648K
  class space    used 17556K, committed 18112K, reserved 1048576K
}
Event: 293.841 GC heap after
{Heap after GC invocations=97 (full 0):
 garbage-first heap   total 405504K, used 336565K [0x0000000080000000, 0x0000000100000000)
  region size 1024K, 3 young (3072K), 3 survivors (3072K)
 Metaspace       used 135130K, committed 136320K, reserved 1179648K
  class space    used 17556K, committed 18112K, reserved 1048576K
}
Event: 293.910 GC heap before
{Heap before GC invocations=97 (full 0):
 garbage-first heap   total 405504K, used 369333K [0x0000000080000000, 0x0000000100000000)
  region size 1024K, 19 young (19456K), 3 survivors (3072K)
 Metaspace       used 135134K, committed 136320K, reserved 1179648K
  class space    used 17556K, committed 18112K, reserved 1048576K
}

